Content-Type: multipart/mixed; boundary="===============2338783686756743435=="
MIME-Version: 1.0
Subject: =?utf-8?q?=C2=A1Bienvenido_a_Hotel_Luz_de_Luna!?=
From: test@localhost
To: leblicqe@gmail.com
Date: Mon, 20 Oct 2025 21:33:09 -0000
Message-ID: <176099598910.16380.4298584589652524868@ELP>

--===============2338783686756743435==
Content-Type: text/html; charset="utf-8"
MIME-Version: 1.0
Content-Transfer-Encoding: 7bit

<h1>Bienvenido</h1><p>Gracias por preferirnos. Esperamos verte pronto.</p>
--===============2338783686756743435==
Content-Type: image/webp
MIME-Version: 1.0
Content-Transfer-Encoding: base64
Content-Disposition: attachment; filename="avion_4knvRsC.webp"

UklGRnJaAABXRUJQVlA4IGZaAACwmAGdASosARUCPm0ylEekIqIjp/JbgIANiU2RPktV/nf/2jL/
q89P+x3YM60/tyht0fyfgC0X9Nz1ZcYDgKV+xnrLs36WfLvirItvFe38wP4Pvdf971jfsDp1+qD+
3+lDzc/Nc6f712+hw9bu089QvDP8y+z/5XrofvGYf57/M8z/6/+i/R3qR4A/MrUR9n/8L0Po4XTm
g39c8vKeX856g3DY/y/UJ7vf7wPhF+y/832EP2F66/pQHJ69/Lq3qu1S9ilbxJws6D6A4ixJU6pS
UykgpOfQPuDGJ8SfVUZItNei1RJTrkZj4I787424mmDq2vTwdEUMqSZ9vpoUeOQ1O6TTWbVMzUBI
e8TFbnTa6QhQd9JqAtwjV65jyS6uesJdSFswmeyFMVTd6EmvfYDdgwDpCs5MdYzCCkhWVjjLwf22
ZoXAwehy3WdW9Ha2TPmlcPhiV06abrFQhAYnHr55gA0dyC/nEcwnC8kAgEBmk5AKnSlVLU54h4EZ
T0kGGI870BmKhSRrhZHOivPwTOxC/jZAD49/KNEYqKnJ8H0O0KxSUtYHG5i/uSN91I8fKZhV7iT+
lLLi3ErR6jh7ZS/OPs8gwpeXdxT/bLpOlJSG4eHav+8nNUiXP6GGEHKDPOu4migAohpCGRgJqH71
FILgiVwIBqpmu4SziLB5kT6J21BQ5sXdHSWnpfwKRXeXAPYQEeJKboExjJX3jPEsSL4ehbsfXl25
M0qZSKz/xdvVPrSojcLYDwGMNzYfNH6KdXN/3xHycejpFmz2WFeCiFVKhbf6ESirjArdNdwPGUwm
Yw7jdtFyf3Sy4KrJ/70DR/HY4MsUMF0bICdO4vjZd4bbaXkx1QgycIEBrNyl6YyVQiCb2Nab08dp
12MKxF24TaZRdrZRPdivQsdXrJzC7/7c78ZOWga/SuNc2Gi+4CRDJn62dc8G97zk52Exglhbl/pm
KbDpe6DwmTRcwByj3jr/LXdJr7lzBb+E7QGX8iqSzAmUfev9IV/J3Ego8m3j7s2DQjjgRS9jPDgi
xGN423Uovw187VAc0Kb3EaYzYHPEvbFvuOZ8E2m12VLMAyLBsvBBBuVTqtChloTpznMoX5pyYt/W
jc4YIWHOxH15vGV8Q5Ky6oibuiL5uygkd21+AVHZYNLZwiUlWizJPpkr6ZHNmHIn3q/7ybfzING9
6Xhp5y63PeCuhML/clTOEmz/9UQigI4J13QwPCEZ7TwTXq8VBsLOjtZk2EMKamL6yf8BPzV7Z2Vo
YoUqno6CfXK3BL4HMpXyDvz/R6J2y7dP5kxCrH8uiYAvoRJ4otKUnhA7z8eyHp+ZPO7+iwQkj7Eg
iUh9IwIe8O7oEJPT88rwPOPUD5/Ij/uNIwEkQYaUHTyhu1d/Wqlq28eifaVyrV63JPEXiAxvbbUh
2gedKcdsLe/Qv4YZPLmQs+StHQgK9rrCIpANrILiP1TQ/+jxFSD5nuqn25zoXB/Z1vdWH5esKhZt
s2aYLh3VqvJoQwbb+is25B9w78R7etjsC10gDL8h88U9UhdLV1V2q13ar10G487a4odSbZDG6lLs
dbhZkNWpXPeEvbk9BKoZ/dTkn+HncohH6G0SgeP9Lp1uncGo2HlhQ7Q0viu84ZONn1/F0RK590Es
JbN7stj/MWWe3q+fVYVqJNpGgvDScCNv722F0IufCoA4OnKoRNaaqXtWcwef/3AUyHr/PgW+jxiR
Z+IVFuMRe7VdSupNwD3EfKz+Oe2QKkBt/r+c0CWO6viP+HkTn/xcURpn2g/heyGowqMRFQYu8Wch
813b1KrFOzxv/aHJMnmC5pOxtOh72sB76tuhGMTfW/kt/tcTo4uxlLC4foUG6mqUBLtXQKDCPMYk
3ojT7viuG/RpsYwZUNrTa2WvSAtQV+b1m7dCpYr861jTGkKfiuryx7fHV9VJX1Bi27fQQ2PWQhrM
WpZg8Bb2dwPpeiKXKehGn280qRUp9EI9LmsQ2ixuD5a39ZbUY+hWxvhKnl7nWyDdx851ceRlk6Df
7SGHWJIJOSlIT+fIK9IwrkpCNu+MHthu5b+l4Q6VF8zL5eQQ1WunxbuQgoVZGRXD5U0zJ3lBN5tT
Og21dhuhNFZ5g7BrHWBYYCqDJdfJEi+ieLkgoPzLvytwQ+j+jrED/gvmss2EztMerBou17oWFrQM
zSsA9U4urDZYrXkbs+wqR7puejRPjPN0Y4dMzbjpRQ2eVEdGAXOEWC4IeJQNhcw5xDDFxvhCb3bI
xJYv8kMDG/LHHlkReWtcFiD7wARJQm33+RzfwdlVWMQ7Lq38Q8FwFCJf/AutAErh1u0jrVzd3yk2
8NYm1y95jHBiwTmVVOlyW0qrXusEkAqTyNczhn2DorWaFDHq44Y1mb3YSU3kG2RusIvytWNpM4VF
O5vMM6MmCpFwLO5lt68kNBVN9UUA4WtKrWyJk1WXYxsmlgQ1o+Gc3XnVNXN5fqTTVe1XHWX1ajYQ
/J8b9MNfwZ1gdd283i1yoL/4Fi3oFZFdwKY5wa83wOaTgJbhFbjmLjtLkJ0AOjhdUKkacyVSL81m
J0LeMbJ+v03fzm2wuU3Q4YbavBsYngiOpf7vlAoQ0nuPjSFt50ZwNZtdfzSSzIlKB2xhinjTxt/R
9i9/p40CHdI6XheTHh9+cWt8oiFi3raM8Q1ib+nVjW8Jwyg/U+/Pf6twkUtsyGKOxdb9DMcyYbuQ
DxDXUV7xMWzKvgNySDDKqX3bhuG7zaOGCXKun9iwtfcgkfKfCSVVmGfXEEUloKtceb+TloEUb3WY
nQbWx9FqyvaQuGapLJxeEaU1y5YjiU60MnVxn8osOJ350IQwtJL6tqpTcqEhtU3JJ3XcJvs0F93Q
jKDIZ4TeUKEthmNKb1FkEu3SsYFGNRtdpXbo5JYhlqvMAXiJCxIaXn70iKfSUal3wsm2GxUm5NKy
BC0msqTLHKHT6LuIuBALelDsxPP7393eu4dt9fs4qitGVRqRMvA7aEcPqBzMVQ9Tte4avoZgWkF6
tpqkBSS02SBtwWVd2cNeU4uCn/ySxDtEYhG1Tb8/g2sImJzPczSz9Uc5FP54mJsL4nbdfMWJcWni
lnSCqDY+1TC64oa/i3awn2ritmHz7PvY+067UBz6aqgjrALjWHUwV/w1ZTd+IPKx6XCsmOpJc38P
vLOJbPfESXsPePffEofDMn3nds+JmZvxNAVsT564aIlL0ZcxdRq030Cc/uwdSzVI5Mo5fKoVukUB
5nl5qyWE9E37oaDoaqnb1IsC+wxZU6qXoHXt+bicb7kD1Uy6APyIn8OAscsZ733Vj5sMRY11GjPw
0+8eD3WHjrmGrU/UzIK3HgIgntP6/eJAKjBD4trcgTSxpE3Tz2TaxQ0xE7TdTOwT579eAJ1J3HTF
xEAV87ajuztC12fpVcSLUpsoZOimoZJ5rNdj5MPR/7D9YssIpGAz3b1yKWJjpm3zvkp5bIObI6n6
kw3YbnUxb+yNXJ5zkaTNfOzdURCa/7O1BIe5UZsN0D1l5tmN5avVM6mtzHgDyOaTIYk3WNs3RU5r
N+W05wwmkmc6pjX6G+e0xbMeuSJ8e62YWGRj/VjNMsBJui+AOEDd8UD9SPMwb3Qq2KOslianE2Kj
HOEsoezX9ckcuGzR3UUz9xMB8mZyYmcPXnXSgVf19D2FXZJrrrOnINOLHAz/RYHG0bwpS3OW7nj2
/3DRTZrfHEntaslbJwWHC0PonnkgvuGsJpDDbNrqZgPRTa9CNF4b0cU1TSb4nh58fhU/9NQtPEeH
skh/1Lv21eR/RmY6r70R3CFGK0GYK38KbSt91CQJBeAuCQmI2vmCJogmHx1aEiBx3Y53FNVZqcQb
IkEFwrzPvAQlrythNC28iWtIJO2olR1EDtID+MxuKhzI+UG3VFN3zgo750DvtLq8pTmkj9aPALlX
LEaHHPr0/zqLs4SkUCA7pYxXdNV6WHLxDz2i7/wlZa8McOg2PgNszbaljRDRRm4ITCOI4g8NMajy
4n8uIbnsG3OkC5kSfZ1Zzq64rvRJYnteqRvK55W0nJ1NMfOs5Iy1kWduW+6LyyofQOTvlAuNz2bK
Tso+Ux2WkSSu4Nf4PIoxXFmTIqk2cgi2Z9yTrkim3Mzd9/wCAqrqt/xTJP6p2DsLunGxTxHO3E1H
+cA+z5dHyDyzLuOqwuGtwGk3dutPbcB2o4+see+PKzBfty1c7a5aNBPQRWB7dvhZFQtsRuvwjBt0
VvceRBzMPfOcPu+GR1qfRD6unicwj4jmBv9PY5Wh+DyuML/FsPVNA7QABOS9m7+JyX+oXga1jRMi
O9PCDJp2wLNQgI0Ngd3Ua9HcX9krgWiR41UYVFHb8JeE2JKYH4Yxp3R30d2l1Ep7gAD+/DgK4N/8
Z//Qh/iqd/3qLFJViJMiaKYMZBkEYKVhgKlNwCVwEqI4LttI3jqp6P8HKqyHIk+md4GRGId2+Bpk
MbGvB2PNMAqW7E94m0JgohYOIo4EuLk3mMmh2X/5Tv4BcFJNRchPcOiw1sc1ZJfRnj+Gnp4DI3Rz
jIOPUUgDte83H1QDLqg3NXCK4GKRBJKkijl/CGJJOuP+Eeo6Kr2EFtXoDDcWLl2rMI/RV7Zl+NKW
JwGOOo/VvGBSr6SbP/mAch9siBAZatGWB8XVYwXtHZpixZN3DJcjJ6Dsn9S44fQiIufgYd07ewIE
Hs1sF6gbbygG9CpFx8Vd/TPPtcFA6jYMPa+FJXGW+9kgkdS6fCEJJSYTHzFJII2pLK4dCPN/zLJv
Ds4II30NajnfGArNFo5hIFKuozwgOnWjHJpxQjji1UBk1R53s/pDaal+xorCCIgMLczEl9C56KbU
ScQ2X7JiYvWw2lJU8fB1HXBpK+S0gxP1KkBsmbMgjHZDchpLyqyKy08AAllUvegVNEjjWToniEzK
UiMK1cN6rUTNuECO2deR0oqbu7u5kRfx+t3hkvYSxuSpp5deBpYMVqDtc3C7n6krGS+VQHSICIDd
YTDnptSpC3lRxGNFiSYD6W1TGYh67C0xBy39c9m5Lhegs+Id0kv++Qqe1IKcA8FUwvSf6jauwwYl
lBlCBVulDtZw4jboucOWAXC703pGw3ow2yPgQZzCYfD8WooVhOVYMKWZS9tJT+eSWzhpJyt5aboR
9W36LZUq4uG5oRqofpMYfqb8Pd5DQSn2CNwQhWkG0nT6Eg5kRabr/HHbFtkxF5/gZkbhK6hHex8g
ciPrXB9Vh8erWJ6eoOXflYUHriqfgf5fUpjKqRLMbweDcJuG4FyNHwjPYakfc4F4104sf6uEurvl
yEXVMEsqRgvcj3hAuIYjuSx6x+aaZEvAptwA2TNnW1gU9mkMMSfSRcomyzX5ctbUHXbuXaeYxFtw
Fo3OdIX5OHrY3pvCs2eFQBQux97QGvztKENzUh4Cjw9nxJfwAmOSQObEENq0jOOu72xaKPeCutMg
5ePi6htqEzkVDazb8R1r7ZGU+zfR4nhY/UovPCkzE0t+UvoDuPgyGTd6mp+JdOoa6HP8Sey7nEb0
433pqv0yBWtPcfgOEHsB3rHnOJRGpR8YTvYuhlwGXrBs/Osm01kZmMoynFpv7zDZ20LlYjyW+fB2
cjVnUarIcYPc0HZJyqup87C4K/4Ikx8YxofA9CoRp8yGzQQlzONaYi2HkAcmaikCy0kYdvejmioO
ceUPU7t0ch2Vw0tfLmtq2E4uDFMFwcjssNWjNvL/RFrruPkR8ImOj/thvsY2xWwPpCqOxKUuAmL2
Knw2LAkv2xD1a0xb1OFZ4eJJpZwXR2E5kcSxfxraxCZZUREX5r9wS1zms7TgbgAv9VfJbdXZ71iX
2DxrBcG0eK05nhBDFscj80TAs/MgIpuWu4nFE2uyLxbG3Am4IREMddHzWgdsnQeORFjX5Wrhy8YW
98SyYNgCUJVXixyoO4IARWDjNvAeiDzJcwO1MSQTb9DpzLtdgb5+0lq2Hvw/ehg8kpTJzUbuF9So
NRs99p/hkrtg5ODig17/czZAPd2jSeyi4Hv0b6TozAeEKcpS4aWeQnCwlb5c40qkKMvovHNOhU1r
ywZYces24qSR7fx1ZY7ILfGmtXlhVGb7Lb4CnoQgBuyjBIfZ993xGTloAKWU0viGKNfEDVyUltJb
kHZiiOMVijoqBzmaKKkFVCqSwViHxRqB9XH8wm0Fu1UTBsIlFs/ve5XZCUzhfKKcmIB8m70Uns/5
O/7iVnhGUKd+eoRlGWpi5FxPXPAomOGf+Du0T+gWXYktkYNTd6vN9j31AP2BsZerH8XyteBK7r8S
mfhiNvJ5Of0q8+QxSugcEHzscpRQrId9lqylYBma6ctoori11G+j2w8kFZb4OblLHI/oApvPULB3
XvBO7Grz7OaXvmBBIWRBtlyXLp19XddgyksEaz3oP4rXNt3HcCssM1+yp+BBeEBZ7N1dmRhOABon
7PS9wbwTwVlSK7Z75wjlDm/8bAzu9ouBhb7lPc9TrqzmYjjUF4DPgJ2k+mXNaK7JUoUR0eiFMCFz
FA++uiG18jf7Ae+2MQkVrlgViTRuUWs4aG/nmkMkAaEQGYvhby/gjWAZTt6SVUcV0TTtwQFEGWI9
j4AzEZzYOalOvqPAhBXIxr9HjMSYeybY3Vgo3SOoYKWruacRF2TIXtiRMBIONQQ+zNBOaoGMK8eN
cDcyXcT6j0VxtrXoBTRoGC68T5Fas+WvqQ7I+leqbT2Bj42eH7RvS5inFkTyFzM8/bdXaCpR0Ra3
D/4ZFpifa+9BtzUcb20xin2vG6RWmABVlaALqpL2EdfT14VTtZt4HDQIb0yOvYeFV6tMku+l3uXl
2kNv3O1+Q+VVMPo4431WkXDQNgynk9Q29r+7afgpyGpviWwKbOq85eD5X8X9HnDK7HYo1q+ith35
sCfv+y/+CzNLQ9MfceKh6lRli0z6PLyK0s2m9U9JBQwsndYhWip/AeHFiVvR5Hj6NgqOkosn/DtI
GYhOAo1PAOLFBLNdTW5GS1AY2oJIbZr7I1/vGJWfRjOC+fFnQHB3UEv3BptYbUSAOPrgixJTnmNZ
zetOJ+Ht4oVX3fQZ2BgW55ONwVulu4mwlgy4KJZvdy11Gt5QCBl/yexwiAegC3fywljF3KaPVEi6
ux1x0sLZSkoPfr2qIBK6FlTp5tGAd4DLjwP9JdS/foGEo74XYe5MPoVbc7a/do4OzQbP8GX9sC02
5352QlPnFBmSrAuNc2eMYDoUsTXnHvMTvuhwQD94Bwar6j+TbZTN0iKJ+EbMRl2r18N5FsezUNLJ
G4FanuxE0rm8gITxELGsoXI58v03IJ60696mnC7m4YWNWYvJFEQGMo8lCp6jGYfnAamhuCESAen3
zElF9Ge2T+HK3GReTPKh5sIJWLyZV7qBz3SYzEz9sm8hMJZ6kgv+HG2C8iBHpMfx87YuEuYHfTZF
P+NrMVWqyRepfcpJv59g2/nqfTumejt5SMDE1O9SugH+guEIm/31rPPXSUR5i9tyAonA/rqLKx2a
sfsWrpsFOD+F7EPMTr2pWZjzWJa9OKgePitOQhpA1dBgMJxNsRruM2vg/QRF5ZlvsQkZ2qAOEo7z
rvKlPEBMbezV9zh9FO717Tjmou4W6i0V+onsIe8uHzP5JnEHP7YrUNCfvb20rv895FG3Cu+JT71X
itFYL/jWtrDCyp4sop4qO/IQg6TRqECuUdNUbofg4t6tg3Z4hDZ8G0doyzRk6rGUbQDqCrzyBxX8
eEm3FWZafZAjITGZ9R18nor3HD/CV/gJOCplvKb+lyP3N+cbWSgpA/kKlYsZWnDK59WC6QHD0KOz
G1R7hgBqswKbIWc3mF8NZ7ck3xR+fGTBtprHqCBUk6kyergIC74Y36tzYSMSeuRFaJtaxkP5x130
QrIcED7iHERCLa9nGjZDa1fnOGB4dw5Iw7FogIHrBLzHWXkAR+vtHmZTBGzCFQNfhDrlOl8ojnZ0
oib1jGvz/0QOydkqbIuiykLCzpXVhaoh+RVdmGdKOQ65gXMwdijAXtw/WerVaKbJwnqPqrvxJswz
FDczG2cYl3feEU9sqDh7j2jVZMKAi+lpUIBm3t9SzKM6RpZfosjre1la3H9oAL6qJjrBLZ6FYOJN
mgtH7EfF/gt+nSHJPnH77hIEAL0tqod/ANT0ZyUkvkDOFNe6uRBTqNKpdopU5qpr6UPvaZPvk74c
T6T7B2+dF1shS0tWfvJBZnvv86+X/GZVO3IVheXOA67lT/iSNWOlcYwskAlmaY3hgeIvOXCXRv2C
/hnWEOEmiPwbUtefrEVdZSt72FMk7JiQ5bqId0LtqX+3mrSoMFTtbHMtt6a7S83lH0Q97rlhAhFf
oVI7FLgKnXgiKA6ptX0RCVG8jqgHt0h9ZrGjizLkwgQaMvONfyVlah1ra+k6gs0bIPwkBCVaWyVv
e4MR0BofKAiwFlRdNKXYYw2qSGzOj8LgqwgIixQr8UsUFKSH7JH1zyKBh4oAdHzqwBemANi7h4Vb
RyNxmnMg83jVxAu+CNOH+RwXsogvjrqnz/+HPSbD7o4JBVB4KJ3+aK3sJTanYx97buPTI5Qafgpd
e8xM4AHE7gaKyFzy/544K46FGgoPuElxGUMZZZZWYa5Mh3c0/PXTxwjOaCZpKgdkE9WpDfYC28O6
u2T0jo0vIbzYNAlAosew9crMieBbHr6RhOzETfSQLwgK0gLET0G+dxXEdchZAgJhRBa4PQMqog7R
4uUc8SnRYU4v1x4xyjQ2q4xYjcoBdEomGqniHyZhG3j39J69iJxexNfpEpzxOvu/LBSVDXi2n10N
ikse1Sa31OPSF3wag2M41jzWWAvSVUdyO191+V0zHVESuPwUMB6eO8FWm8U9Rn2MvFE0d+oJnhZ+
zBmfa8F4khHxlSM42h67wCqRvzsGrh+vaS8eU9dNbbPgNYdXRumSi5HT6+uLZFGnnxu+yZzcZfkj
zDGUhYK/xdAG0a+Ky+Mbkj5ymN2Tc4UGsAfCu7/iTZIkljtIdfW8XZaG1ptHxXVb38IhssTy1CpC
hDQU0eDAaPmydUt2QqI29pNiLLH6o3LBDVq9coA0D6dHa3KGIcB0njSfBJPHlrXUVBC4JUU7NZk7
2TS/PouF/dqwVOP71TDG8jfH+SDYjjmKC7iHSnhaIbARP6S9vMi8BYHRIG5+azUZlRNJOuVdsyOP
yz9x2WXIXX3zCjkN/ADBjdHCx3oL70L7jJfMZtV3dtPqBdzcbjIEn7JT4Q26BM/NDD2f3vcojnxz
sQer6bKaaSG9jXUNBT7ZuuzoHWW83lK4qwgPSXteNa/es8uL13eYNZGL94ftBXp1ZsEx6DV9eKc3
6+YqQzcrTxJuMvGwl1VVLMjJYtQJzcJf1SzgCWntOaWOnCYo3iZdMcywrz/qxlpl67+wvSYy1ilF
HZNT/X5sSWYBQ8rcTiv2W697x6GPtphL9e9r7bx15VVYyhsoZgJ1Xu62gizYTWBbrYsiTcRW2uAJ
iH+dyalO1Eg9MenIvXintsoNjpveXljccm+WZGaroZCoF6SZKU0vPq6HVi/qD/TJCHiZoyjeKhM4
uPX/KOfLU7AhfJVjfmKMUzQKyUKfnc7wHLGwP1opoy2veq//iMAEC1i5MjpRLl8cLdJYo7JiOTF8
8lIqOYVBNo+zKdyqdAG0Osb5mDLtUvw5SkQRL4f/ooBOKfoqnPhjM4FVb1ldheJd6Kt8XDEmDse5
opfXzMAP6bInlmGK5sYWP2T5yPAV1b8jdT0LpdSQK6tj0ec0YmwGfJ4dglHxNZGHjJESMNlRnfWq
urJ8eyegb0/ARDQZeAWxGo0Yl4dfmM+/8KVNJV08tvoM8OPfRwtN+uVYE5n+AmBVVrfsgq0/K9+J
P/dAq1c6188So5JEE869o+joNAZss2/l9v5AXmz5TjBkMMC6dZagtMLaeIveUAakJRhXwGACPRiU
C55U25xl8wAcVAmpsoJWh6rcaaUdtWEGb6WuCpRVwmh4cVkUHtZIoyQPSojyp9qhKz3YRniEqgFh
RLqv8OMTlv+6NjbzRWFmaurDJhFDtrg1q7mokmYjH5/pUANheRmFdP/wUXKAeEPLv5+c6ZK8Yw6V
DAvXpK9eHiR08XkZbU/4lddHkv8tBuluW8NW5HHO3Tanjq6taUCizwrZA6gUImtkS76HpTNO3XDv
3eZI60lfqpqCXE968UEugabcm5CyJzHTk5eLegAIqZ1qaOtuSItiJuP9SxcWINKGWJ13ODL2WwAu
5ALf8geEYkud7kC1hZVx0pw8iSC74MF4pk0gYuz08csopDr0+S3i8gksspZ95hti4Xaqdnrrjziy
KP+ZNF3DtsBFhnKF+sA/FhkpGiUXRyxG4y02m1HRNi/FNNww7pLmDeOzMmiVph5pAPsZEnqQ0ZpC
BuOO2C5P5ygntpXSkiZzAWxyWHvSKFHzw4+M9WtGssMkoJLfBGoO64Ao1BiERlFElPCV0f+5v/z1
ZuDgyT+VUXtF5suJ5iHOAjnjizihDrhTxhwXnEMiBIWEujgF5nshbfFJcODB4s7HgA8z9EWRoEb8
0wTdPO23VmbhKMIcSO9K6ZcyvpgbNMg6eKIv0nhfqlkrgb0flZ6UddxgS/sXa1LrMtVK1UFJbOTX
PVsI3bcG54O9ZL/yuU3AHZ+O4vrN4DwZNGFMldBTpIxL0+RjRAdvYnHIcZnh4txcYaIVpdtgnAp4
JQF7Om0Q5QRRfdfPsomZ+CKcEDUl4E0eBQR3FZS5+A2TZvhYKs0UUnFdOSvEEx51b787wEGcpRy+
9w3OAR7MJ4AmMjANNHUfMqfqiyKU+PtUDhfpKLAeQPeZbKujK6biDXfVNLOMbBq1fFWhWizUWKd8
iOGAO4Ft8PHcd/JHoYfKOENpFw+AbiixyjDK77x1xC5qtODzgqZSQdBfR5sJS5ymOG9Z+9rOJTfR
lucM08tOwARSsmUJhvDLIDct6x2lwbHXpJ4Mze0uLS3G1UcWDbfGB7vMGXSpAWgyWXOm6TtTxfDD
jwQzcU7TVmUasAY+uuTo3GQQn1M9sfusvh8fY4gTFDEI+WOiw9ul3iOcs+TdqdaeCra6JgCZjG4o
3xdEpDZkfoaSiNeYicqhhS4cjpzcsQKnha/1h5QIuxhXWXvgS0zRqEc/lNNETACxxNwFVE5ujGyB
0gBhKhSU/h5TNuPRSSTghRITYgwIvIsxbBO0DS/0OYtXq/gbvTLdTdkCfVtL3XyIlu8eUiqnc95c
4lvNT33oIx0zj1Sks9ej+zi7i6zu50WJFSxZxVYmH8d6LiGaTugPZmLz2HxRRNfgFnqboxI7C7cE
mi8ElLV9eO6vPWmbJg4je4oDy7X4caUjxZ62rU9gd/aoAL90IrIOku9DRAr3xOLZCAnFncEZ9E8i
OgR20F9jIcqPOqS22j5C/e/S1pisnXR0yj3F80hkuYEPJp4UR9341J1hrhIwRLsnvRzLPyObyJ5r
RyqwKgw/tYOnt5EHimKpDtJsyGSctjx2jy+RQ7ioCJc7QiBR9w/5Shw/Yabxn32l38Z7EnKG0C8l
Bh5xrV6JIqXLf9w69rGKyEp8I425iNHbB/QyIjJu3+rZeJLE9oAkYEbsw60haG7Rb8x0j+6zJQU4
LmZYJXnz9FW0kQcpNOflWRfFTJ8Evsa6c25fa0+no7sVilWmJfkvCSvK8RYBrMfTpldLMO3iLZz4
9oDqA5GrEsf2YYVa8vIijVS1fgtLWfLCUhAJxThUpFIJeN+TWhW1J9lg9qNd5QHEz10tSasxGLeH
jJr3sCZkSF+hDW1fTie8YWYjcDERCfTs6ne1EmovvxL6e7Z+5kiHMiiPpwgU3EiIqCBu3/icItYY
aQOA3OjNLI0cSR/piAzL433AxQmGBwayiQNeNnZ8hpzbRhFDOnqppFn1I3w33T3T3Rrqg4ZdyopS
MNIGF8WKp4px9jStuwtsBt+OIWyoJeO0USgwBZn5GCePLlal9Om4omUvZCEF6rbYjkq2HT5B9AD3
7uY11QZhJbVVZZlt8GEVeB27jbq1FvFlFaveaBWFOG6cPAlUVUkPf0+dMuvf3m04eKLhpTeYvAui
rkORmoKJud/AlTbJ4iAvXW6ZWrC6hqpeMP8RoLY/Ss2QSoXJzkTBcLaWT5bFFbYKKsf4+kfnHnJr
n/SyyY449ZRMTbjKaSRMBrJL/hyRYlCF8wODs9LhBaKd3WIttvKWM8w+3ozLUT8dmVqg+3kNF4g9
ZGSvdUi0qKrzbWwswX+bycaQ4v4aVR4GNZH6k2FFFI/J1vhdUvYNhybvSq48mUxpzbG9nofXgO2v
4fZGlU4kB+ZfRMy+h4ndW2Gcy+ACBWuw1hV07mvFUBC01Z6B6l0/rIPPgadD93D9DKhxOhDKJwIe
Gw6nNoQk1p8fNC3xBdVx+XSmnLMLrx6bami85QfTocffZ8EJbRhMVKNkBCz9GyJt2SoKcGkb9pRA
16f+ozaEYaHcqdvF5kJD+yqYJfWCYJUMk+ZH5747ENWsVoZbY/hgSOJVym+QBaHGsuQXqcCD+ZqM
/0aieAVNvIxuPIjuIy1NfqgIKYkB8yE9S5AqoiSRg2N8glYE09nW+PSgfONh0C5LzbtjNhoL+s5v
n+Tbw6egHDxDj2z8zOKmjLAn3cJh0BSe2Wije55v55OFNt6r90RKydfN9OEtb/ms3sBvE65JLcit
Dkgd/4h0zTzYtkwV7mPYrZXx5yAJLsAhqzd9CoAo/gkkv0iNzLquHxywHTjcR1wFf66zrdhZv4m0
8O1W7g5j2Q7jnQA1awzWm0ksZRLC37gfVbvuOq3if6CWrPJsFPSwn0NAJKU5XURrsN3JYiNGydPC
ooLikMqDupZnVe+gboFnDzp/OrjpNbHeMBXCVEDYuCpErIUr3W/cx4hkuMsGN9hvvfVR8+sfr0W9
0ilnPtXPAO2ACmTBBg3Po556oH+1zBgNwBzj11fj7lGK6tp5nPEHNB6QCC9PuUZBLkmzFYtn7BES
LdRYIuIrW9a8CU+9o4msgXYC4sc2SnhWjWJm7NKLFN2MmDGM/IxAYk1pVxAOgw1uZORFxrqcbZWo
VKTIsBZQgqi8QON6VUuRDoiEhfUcWXDFefN/8y3wW0DwrB/rvRZmKc9gMzrZTES3mWotfPlpAHfN
D3pTHj+NvaR3ZOGIspsr2GOjh7+ROp21dApyMhdNCGCktz5wEy2JVylTSdn27boNhyLVO8jN6vPh
7zooZGsWsXtQ3Ukb0jWs+bTNskKWiUtVwlzvyQBiXrH2lZgKztnpDomJopNzw2QAIRemv9ELylXc
cUShOp9lExvbChAG0XucFAp+mB6DqBVCEMl8b/gEX8JVCC0PxY+bwvFxSSjlcK1Rer3RHCgElxx2
sDc5kbjd9QBmQItRHfhFvYhmfWQdsyOnuLN7uLqVVg7sjP+6g6qeSRbNmZAzwTGl8n7u/65wvAL5
iTqOVbHcP4WGPW+dkC4s32S6fST4HXAxurEf+I00A0QkMdK2nGLX2yyoZh7YmmR6WyxdXV1cqcY5
GXly9qKohXmKS0ego6UcxYfzDihWZNMcj26jmdPLmZkchrcgwpvGiWl+8RgewOu/1yqpGGvjRyXD
KI0kXa2Kf6l+rSLI7WiU4WtoiOKH6u1YVV7CBlci3LH2cPYPZ60tghwZ+onCtV9PCXyg/mrlSipJ
dHrhenO7ad6yBxfyf9YTyk14PHMyG5gzS1VVIu57mzZ8E7tfOPPl2XCm9Tx9edis10IhgXBsm0vk
VGWdQA/uNQnCPH7NiW0v1QH96JQxbjuwisklYB3uMP2yCR6r0Y1DfedS9MqtEoTomBrxnN3ycHUY
yVJZ0Z9jgQ1r63QAK3yrz2fYN+eMos4OBAI2xujy+MDswrdpUfRYkz3j0oDEdarojK7Pzkqvp0Cy
BapDd40gh9k7/q/bWpwhbDqaKytvmZh1KYq6mfLOGFfSV3KIyKvsexzC11T3kjbfz2K/Xrz7T3lQ
vfitqSaa4paGB/sTa593gE1xzwhnC+qU2R3xm34+V4zwyb8DybE56PpZGXKBunv3fnoK9IbHjaja
ohKx7VYmaMnz1WY4ba3vMILsJGUa4hD24NwlNaFQSg1H9O/hoj9PudZsirOV1cCb55VehAQxzCkb
3BL+EoQu+p/m6MNwf00qOwi+dUICuWY2ILjl7/Qqtrwa08+ms7dn96yL6iXl2P8RkiWb2+mRkr8W
rF9JBgkv86g1dZgVLhTE1pZxpi10yRE7CwXr2zROUX0x2zgV+K9fasBzjXxSUa66nV4sLbGAfg0U
N8ewN9YbyjO3Ggao6f0QDQfP+MFjp2v/9siEyRxxC1YK4qvJMyqtnAoSI7wk/G6HXz8KFRzKYYnc
8TcERKQBjRbTIbYDB7bG4T3P+wUkb98kjSgPnONC+UakroH3dS8nRNUzKK860mQlz7Ur7ycer6eY
f+pJ7gGTJKZzKsXrkV24HVKrfY7JRfgAZoIZJJaJGCyu7988jJGKKADLUyJpVOKlXw+Obf152TRT
hT0268yI1qCbqNf30M9IvbWysJI6I4AEKUuAconu9b+sy/XWExSHah2K7Kk8emInj1otqenT5Dx/
22b4GCqvGjmc+7GGXHgvRVZsi5oITeRImmEexsWvPY8PseTS6IrG/IQ2aCVID8hf9VCZkC4OM1+Q
Ussgi3xJEIIPm+/ccODbZ13Twuto6oEOdzum08VO654PjSFIhfVfCS0ySHzvlPJrLE5jTu8assrt
PanONRStcpyRh63YGXIGpF9VSS70ddgIRnreYhRFxemxAttSBebNHMumllIwT9gKNBFc+nzhrqST
4STL0ojWFPyLVvaP4EQYYftNTYZRNF5/iMTfVa/2dQqVz7z8uQRsSx+NmiZNI7T4kl3zrNJoZzN1
eEB1IudPD+KlWkLb82RWlDRLniltVRBeuJYZamRaQga1LCYnD5ea1CMeoaHHh9heA1sa7E/JKr/k
+nCI9y45dYG4jqe2AgR9s4TOBhRV38xzlwnPPc1SOUlKk0SFwetYV36FC1vR0LSGK+in83QONrpT
7NOZ25YC60je6d68/T6dz9iQpzg48pM4xq0aPu6SP1ek8k/5sS/zDxC3MrRcqoZrlC+2T4/3aBno
Wz0IsbB2Yd6z0NE+aZzi1Zhyb1CU77KN2lgDBFnPcjWcjEe96dAveyUU+HXew1YzTd9GtYjdXWcG
xuvjRdwyn0+s9vwRnYEYBnykJqiUW1J9vtewrO8m7nLqT+WY0M3uzH/fc0xuNRF+79/fHM/59SzB
JzuIwnwqsfi/jbNpLGfDcrOJNmDHK4QWhd1dmukqgEombwreMadyLC+UEdxQHjQW3xn8hLLBLDhM
NwFRcXxWH0G254Fqi7p8/NAOM3xFbVRkAp6s8JuNTwjSDUu7anFPKm7nA6HmAaSH+35qFLlsArmO
pxK2GDJv950gt5pWJ24a73gpmT7Hu3vUU++DnRXt376qmSkGRRVfzIpz9sQhNcEwH9kkrV9tmysk
MZrJgJGKFSTDRfGskhnKZAzMZBnSvL/jGFKVHh2k+AQi8KwpPQ0cR8bDyxaz9wgZedaYxHKokUIo
22vJb/M/wbw0iKj8Dk5Z/oiZhpd6ToilM97Kencug3vUeig7XM/mCI6ngMhzxhD5Zo6uIpzjOWB1
aBNn1E/EffcZ4hz4WaW38LWZtwdD2w8vaCzVjQrFfkw/8KJdiI11zpdf/P1srutHrhodynH8UKX5
JTnuY+ALr4MCeqShjhIKBZOeL7Vqxm7zxmgFsIcRVcPsZPTw9wpc0lH7j6rzBpN/jzE7v9kwrAKv
ru2k3onDjw/XXIQ9qdapJDJG5pKQs5Kh7bILdeKnH7kqpRAZIrrqGXL7T7G9NUpeGqKJRE0PC1Wz
9k+SnSuO8Yn2u1OfxlQEI3rK7OhYW0WVj6KwsD3uPQthw0zYNWuJENZKF3x+JVEJPlpk3uzeYoqn
7Lt/p/MQXxblBl8NeP5n6YGaD6Nu1CloBUhZuHXCXAhxENi4f5hpr8bV8LSbXyLchg81bYZ2SDSS
xxo6NWTomD8/FyqDh2/N+81ICA9Cr3V3OwxOH9mXpP+AUEC6BMLo0ZInoyWDoSfV2+K7IryTmjR3
DVNFWWLKHS4A1S629k6iI0oP7PRa3bK8swTwui+OctcCoipjuMFAz8kmXrJYVQh7Ucupt9zbkbzv
Z6SfBzMEHfBhG5Fa/IQ3rOdOyLmiWT61q4pJw5OiyMB2TM69giM1u7hc6viIc5IeYXF80+z+kWlS
4DQJrPWKYp+iny/cNHPyium7rrdwiMp4y03MRaDzXXtOhObpuXsfLQAPe+c6kearqGIxtQjWxPtN
K994l3LvoaQlezkQK2H2Mmfa0jHCaZQj2imyQoPUgH7P7U0v2MIlbhDYnUsRLlIpneMRPttGS9/h
eV4aNcVRpnSmbx1HfwNN5fpEIgBD1QBUpVLdgqpervUOi0MdilMGKZOoxw+4AFL1m42nuqH5I3Y4
0YqF39vOqooL3eEUZIXh2MlUEa5DSmdLEj4d1sSBy3OhHNhpwCTGWwKSGfGxXcOg+l9SBdi/DsjJ
H9NOpyv4+YZ74Jg2lIz3c22YAbQLd/TNBgxjVPclMi37OVD6HrF6ZrAmR0ZlOAvKA46Z9uacR7VW
QufhvXdPXKm7pJuTKLjnT+TL8hjKD6rATrA+lqGc/V8EMzp81buqDNeCiWf+ol1RsV2K4Hq+oL3i
5N/5QNy9eAZDFYRJo3DIavZOWEJN+HEvnVtsExp09lGMfJNKoy+NIcDj/4TqNXWXWUXmBUwq88dV
TTuLfB4zu46rBbhjoRaiMlG1+zXXGV3m09SgSD3DD7OZ4M1Mz84odMvP4UDWamAT/wBKbsGhNg9v
kwvYnjZ6SD40Y/QnWlHcXwVUIlSZtKy+aT2P7BOrPHCheAhQUkNHj8xJKhmAduvnWwVUcW9V3pvx
zeQAj1xMR8lzd3TL+wTK6kE0KE+uHQLq6tOYWFpHvMmQ7UxwXVEo5pU87pmv1EuId4QP3T0HEB7b
A533EYnmBDb/g1oDi0jD0ecP8fdHu4z6n3yMbMp5cDSE+1pvs0RcX8tTcWB34RF49XdY84UDAjcq
urA/qHcqwrY+XRFAULTP0iKlvwSUYJDBiQpop/ge5C8MBmO1x2K8BMt9raRmYmIP2gRn9DqRf2LB
vED5u4r+O1n7mTzSrw7/E0QsHHO3Yxry0GvzNGm3J/2hnFIgjhV/n5L7OK1vRhN5xqIZZRCsueSC
q8vGiS14Wy7WbiktiQk5FzPTIaDjTdP4q1MQtCgu86PLQXtSgF4H3aa0kj08s9biH7xd/fZ7n65W
plfc13Y6uTvc+J0EZzMLt5O18whd/UQ+QfMP2OCjkrzpy6qykfMnR3gLHJSbp3+mNa/f/wQMnZ/B
6VL4JjiNsQ5wj8nUpmF54EmGAcilTwPi6inDyj3iuXALYSLg3wOLZneBTPkmB57/nybD/hIZ0JdT
RbLjLPnSRrofoqk3Ubp5KW/SuhucD3KeS8umMko1+bbk6OUzMQbO24cvFaqx3hjSHD2XTDyGo01p
QWbpYvPfDYMeV4UZ/pRZo0lHwG0IzXN32U15acmLpiAszuDDwSM6LlReRUvsc6YzrExUCyg30fqb
L14iD+Hp/NZE3DOd59+tv/me6OHmF3wzqfwJSpYQmUbYClSjwUrqU4+5fJkWJQhfBwPOGWfgkpmC
ULsCukhGTLoJ+3pA60ET/0pRAdDavFJ6v0FDIFemRpLg/smRRPyClqrqZQYIYSHO3YeUWXY788pr
VGAxb7P22mY+CNCmyhtHHuVHwAuNBmdSSb9u8swGOy9ovNCgptIbV3hJtsG+YC5YBmbXjzgC+/Xi
+z7iQak6oMgA4os2UbUbtohaAKqYGij905wiPV8v/LDPuV5l1udMQRUuo/XeZMWP9H/9tvEXXagh
y3KGGSoxuKyA+K86kLZVmb6IExoarVHNrX8dyY/bBKdVhmMrsBL06XLg8XJhIXjjwFOpGQa3WxOr
3Eo/qIWliTHropz+YNA4rg1YeKAW3R909jQaekIZxXGgvsGH73pBJHlZlZLu/B4h1/Teo0A6EZAG
EdThJC4yWDvpgVb4rMesSIdl4qgVLLr2Lxn4TgDFIUP6wtL/3rNGTJZbj6wB84eD8gG/rrOlRnyn
cRzSQF85gsndkIYCBGJ1S4OONiYVwoQP7n87/drO+94ZYhE0UiKuJ2Q4/X9Rf5rv/z/OXqdHyH+4
K5zLf+WYt7+k/pYjhz2SCMHEOCom0M0JKf1Z564ALlN4H3b6WXyzutf0HoUj+gpJCexhU+qKVUXI
Mgy/5B+EsouAxnAzDd9wrZwAmUWplWxfaK3N0KYz0ZyQ/pHi3gcQlTY+hiWRnaHu2qf6/LIcCwDn
E5xpnHqB6C3sTWgCuYHjwiXvJp9pMAErHo9TJhLuS5bUcO88DEkj90MzsqhN3FA14biktBAD7t1/
SaIr/PIV7bUPBeYEdFTx3oI6K6YsUgDxGtLr0zOzeijkMcz1Ass0s/wLuDVxG18o0w/IANihbKwH
2F7TA+phbbTFPFYnF2vZCS9l/F4ccgBx3CeoTtEtjrOmPeD/f1d4QtPs0J3sIDu7Qj3ObI4NSAaA
rfZvt2evDzcL11kuF/fY/39A8yif7YbxMoZuqB2u1v3oxFDgK4sDqhJl207OHrVsN7JwUfE+lCLa
5lzUBVHZbbnIFTQ4xfI5W+RzCkif7fPCcouBxx5f1Gm0WDrkcfTXfp27hnzJVeD6TCe8FFOeZaPd
BrPkbM/mGKYeSWn4oVLCSNDtFNc+bTtbZLUumnKagUGJHMkiAj1+Th2x6uljt6d13ZGo1wEeCCyQ
WhCDEMuMzUEodOPuaoTeaqaobPTN6t4bl6W9mV+bKRFQDeoSIQzcRv7g2v2vO6qj743g9APX/bnw
zZepaWhB0vAtK0F1Mli7f5sDMZNgHZWhzjgb9JFT/I89LxNlDIkq7awgDYcrE984fPbqdOyxJkCg
PaAYWbcJg9DEcrdK5+MWvMdmiJigwOztFTwHT3iBGZAorhocU2TtmdXixHZF/46ytbRcIgRVDD9P
2PEiJTnNXpwUCPy5YWUOJUFoQ5bzt9+iIn+HupXz0SJjCLphihHr+YcZ+fIBDwm5xmgOyHErKHjb
djk6a8cU70uOtcSyO3t4zX71AZAOOMjTKF+56UNNajYlb9CGknOQccfbnUixAadheOPxEqqHWbKQ
9xpCXF47d52h66Kdmi9rfcZVHCoj38txSpO241FPNML4ObX7NW2OfEc+MG4odx3AkC7FOVi+1ND1
HeUMIZ/z/Wr9aqc31hBeH+pCkdrb1TQIRfGsXZLe/f6HXpHEobJDkRGxDOrywLwtzgWtHFfKaT7t
HiPBp+jrB+DUyzEGbWHORekBr0Z/9IfVOjiq64SDx3ya+5H9F3iTx+YQ2f+xUZ8A3ujaqXw0heat
WN+aCfLRCgergmlUdlmevyxTH9FYBkGwipPuepyjeRXsK8oGrqOWNI/KTFpAsqL3mtCna+Xjfv/u
5Z+CE+Jmrxv2pfQ1cjOuiU+eBLcIVD1HmBjHWDPsR/7t02UXz6eoI+Xwo5klTnaIxnuEn8IjP8qg
ik1KtDZ8IH020VAJrRlo2apZ7SOWz/1CHcmdO+z9TM3AvG1EnTaQMDRm8c24jddLfuX/b/hNqKW4
VA3uRa6r50DvuZqmfTARxJQ2xzP2S9KWeSbOabAOejUAlRjW6vLNAZZ9drPMEC4tD/2oFKyz5VVA
NLROh5iOy+2KqBc5TCtb65Rt3DO/m+Bj8ksUXKogAwFXltWMHSKiv4IL0m2M+8fnHPJdbLDrHJx7
XncsSvd115IGESTcg5auTaebeP0Fiirs4+awip+GgCi/AX1jBiR17UlM3dr88CWxfUH2vauceVmg
s4CpjEoL5ZljWSDQxnQ4fjuvQnfjQXVJrR9mHlfJ5SRTevAuvPfiA+Wf3ZbPFf/Tl7F91BzELYKm
hPRInUgxUyt53E1lCkXdSQZQduojEFfQEK7j2TN48KqgsvvI7oUGm8qXqBvHYI+3pZd2N7U5Fl5H
9GmlSreI5KYDPmJ2VSPUJQPJQKBNHANe+2+nyJ6JVJdq8RjpkKShFCaWVwJuHxAEJMDQ8yeD7YXU
h1oiMom9sBUK1FJlqzZWfp2gOZwk4eVfXFD8oJ/RKsLCOjSmM4d78YFcR9neAvYoo+b0Z4Ah8brx
ViX1FM3d1Lq6qeLCCb59t4zsoAPtCWOnOpx150h7Al+ih3dhy83MnPF3/L1dOvqSMTEr/l+l4bGj
O2yyZnLw3YJ7oNEmvy9P/dm5bqOm5XIjAjh+3t99Yw5HX0TM3Sufwz6rbR/hupqTHr8kcHkal0NL
9eOiVYKdDxe6eL+w2RlCLZqz96vf3WIUf4fthIfSDvXq2D7lTRHf3hMA812N/DqXCElOl5+iTJsZ
1L5cNezqX5FM/l2Ah/LxW5KQnlWcXlOGZK9ujijBVcclx7/anrfR4KWsat5Jf8mDwRjtZC1lsLWm
WCwLCIsSvtKJX8jtByMTE+cXKw0/kXLMaNqGXeGif/4CA21tnRpK8wDG9ieytIdJVQt3NBHPM7aU
944VP8xMDe8HBeVEvwbeAQgfTaS8T8H8cv/Mpe7FeEoIOCCPCsYQfzKMPrD4SafW9BGzV+LZyk3/
vxWqBMEf+SWfJB9UbplmJACKorzNGFNWiFXxyzaasJw6XbcUxZhf1uL1DIzG0dSeeyBVilUFH8ra
mC6MXx0ChfXoIfgb16OFLq1qEveH/IYX9SnCcjF6TGV4aaCHnHKBbr633+lNUEgmG/MNhEBqxBiK
pMRolpcTaGGf0N/wPrptHwjQK0IqsPYoAd11zEaSHkalXKxnxcrEI832vLW7GwT+bhccgfLCs1OY
8eeL2hrEkJ0tQnnB6aOOolLVYdhF//q01ZmhQYe8s0WAq24IRWkKOIVH3j4zE7+M72e9jc4H3R9S
NxSQsPhvhQrSI2RZ66tlo1i6PynQK9Ppsh0Z6pf/c/0rClnaxDwkVv3No+oBLDBPRuPeig/rmxdk
IGcKJzgmtIFbhkWsKYoMb49JYmE6t1EW/jz1lWVwD43TrV23P/009UJfHvBkwavHmEYsnyr/t22A
Febe+u/KP1gvosUuFwY1tFtW/jBzlR4k4OLrKkZw9C2yz4rBHQaf0KIvWA6nTIZRveTZm8Y14CdH
U0FH/2+dWuqYOCQevBMfxK9bTiDFt/zj8EyCJgVuzJv29twFD3xzhGENc2U02lbZRa0g/wmlqAqa
2dBzwSZLcFOa2kcb7mm36BGlfwhkV6PxdmWs1LruzQehY32I6iM8oo3SvLyAgmuvgAx+LcaF1WVC
udtzM+E6YlInvpeJ7V4ZMzmVEk9lHXhSqNGtAmuoAvI47x2s6akxiTdMJHvIIuE9//bJY+EyI0KA
mVZYd6nFnfQEyArSz6SG+WrJ6+ZDGjEEg8mY7rcglfx4WamQLew/tts/86H7jrVXga2pBFAmMfSr
i9iBU3z9lo4iUEMrNs+AO5VGT2sKk3AputBIGicrxM/l2zk0mYCqekI2LHBmaQG2IJt7xiwOLUrP
Th8+WlwJxLky+trlwkQUqugb4dSBrF8Bvust2ln557IhN+aI0CQmo7Ht9Y6GBDbTJNFq9NPtvxCX
/HRZAML7+Xqh5wWkGogEAVW+Ugh0bOxyxoyj4FfTgnLhE4Ts90K3TDqklA9XtxB5W3ljTViYv09d
gqPYzWZuzOrhvSWXAd/+/lYuYy/w41zcWMEa6AmP3dNEIsNIvmBd/YayTdDNTwItVFuqqblrVESr
tqHBrJz51LxAYWgNetheq4B3yJFeJt1P/B9d+D1xn3dZynPuE6kFHm4KWl/WeTfszAIjKSvyQY/U
j2SMmB8xwWbuRxv6V7NETECi0emf3Q0598WY+Efqyj48PfWtdhyQVf3ktZJcL+yvccIyI9K31sk4
pfus6vqljeIX4xRZTpOEArKuq2cwrfXuR8SichLyFAQD8MOc4Sg9gipTRL0DehhPT2uoPHDkP+IQ
UzNWXw1chsS0GkXIM55GaddU91njBdEElfFk1Hz64ycJBuJAWsNq+3utkCQHqkseR5C/aj/vZ6d8
tkAKa86WR/KkxyUYL0k7kWxCDhXiuzVik1CF0S2Ag3gvlsDvnThPImkvddnyZmWOSRA/z7LTr8dt
GljptoKs5u5e7my0eHW8Y4HUtfQZiyAGjW79L0TG6t4g3toHcQv/qbmH6GLDUAaT3g/3SHsXEodw
r57mRaOHoz8+FPeKzoTE7ralNWuGQe269ttt8gyWhA+U9643FRX0UWQ5SbEkprjvhBgJoSe992ej
k7fPyaZxWdu9Tszca+V6SSj78OcMxwGVjSqmEpT86bY08Kk0/lbanHGr94zYt2An8QedBCPoRPte
yjSQe7dtov9xizmq8FtpZch4qxGLQNaMItt0Mq48A2pMgND9aQIX6fhdfpadN3AuGKt39xHq/Qpm
tGBoaN/bMdS82aTIWIUNwpF9oTm1ckkRCsJWCzl2XExMinWGAlZzE6iNMqWkNdnD2ZAg/f3/D6ri
tUAvET5LwD7zTTRQBM680tG5FfMyyAWH6i5dqWKGznKpyup0S7MG8AyRmzx+wurhNK1W/gb1E0RX
+OWPeppOUPWQYNexmLCBsR0EZeprcLNir2jQA0Y44hjTlkTYnzv1nKw18e+P2FGN8DOlMLk8ATi2
unoGZS9lnLK0uhAOIMYcSyXfH99WhlrKzmVGkzzXbOXDsU3upGYstplZ5R6gTZ4nHfsqMNAvq6jY
ZYV7YdqwhqBlPF4/dwuxUZzh77gl01g6+BPkpkgqhrX3ZYFPmanizbi24hjt4v4xIPkcu0V2LdHF
8xn4h/cTtoP3JQEDZRRx1tdZHruxCnFLepihRpIqcv09Dd1Wstg9fTVglvqwnQSQ41la0AgKw/ZV
Bxh+ZmckNAmCaodZXSbtokrDn4MVJQw7UHmgL+usEA7x1WS8dkwmL9AeKIp9codiG6zDjMDbJy6E
uziDGtQgzdDvDHPcKAJaEY10Mg/FCeJYYmmRH/6PI/4WYhKuqW8xjz6Gp7fletJvHwgY+aIQ/mvQ
TyFpTHwhr+wbjcZj0mimyqlhqaMiwZKEBxZHUxCrXz5CDoMLqf3g/ij4ufkOT57wPIfTuxzjx/vz
05tVa5hi56mYPTRn0KxciCeopNbqzdycelSrQItwuESfsp/imU+vpObCfGHELP4XuQe/hkJRIN/h
q/EtKLrcipVHw+4/sF4Rrgr/Hi1VdzL4BHK5zDxGCKaNray4uhZvupM4N23pB7IUVSdhiuRf56fg
8F7ks6zGIJ33Teun2KkHU9eLPbVrq80XxGlLzzzlGf21Eun3VJM3dc3BpoXvLWT8daR4DWyxH3AS
gee9GM4uM48JZZ51om6lM7/r52lJHRk6QlQyS3HDlnsuh+jQpZ0F21uPjqa76WWZvUfuGILKYldc
vzUBXCsZQMJHqBMmkBBXO/IzJewSgR1SsrD4vRCjkyD0gp7dvfyGn5x/XxQC4iYXr99iooMi7d4c
Zjtn8m7oDdHWGKyRbOqjzpoK/RJstvveF/o2xkGscZgjtwUaOfJHh3uaiU37FdKsVHd2WlXapRBL
Qou8ccqiVs2X8c3Y3Mu+hEZDMbilqf5RVEKlOK06daVATCzB//m1l1WL9UcZ0ktZGJSJw/vPkvwY
47y7VS6g2KDsAAV1iKyN6kaEr91VmdekAFrpiAGF6UcYQ6t4FW9oVXAi9oOEO1QHc1fmK3rDVyjY
gAfnpESmnUbaQGABIa4xIDaKFbmwIyDupjfVUyGDhmswCb0oZW0GSEQ+zqDiigJIvz4Q1FFi2u+H
zZtyx/maR+B4o1gW0sle3/gxFQigVjGAaN1lQfovn7IbKdJCX82LRyI0JUERSlUD4C5qDXT3D7ts
zOi2ksJAUo+yKkFvrcn3uYFl91vQOIJG2Lgjcw88e7hTM+xdCfJIt7a7J+0jkrQAY8lfC7yaFJec
xKpT2VKyCJc8zHNwGRUtRI/72TNY+oXdtDVAUcuTmWWCla7Q1HemdzTr9/jIHqm0faAUigLafBOr
C77QlBtWzoDqloPps/8fgX93CRHL0YN/lgPfJADAjgAdlGeOh6/1qUvtLABXOXTJNJP6DyykAS49
KbUxYJOjwFRKAbpcExTrm1WGQtxh9ri7PO9gxARWImthG7EH39LDytDvr2Kj7JR4qOUcBu3ySwxd
fJLauVVeRPMLXQfcS3Y4PrXn5P9vU2JJ/dx+2839I6xqTaCOfK/U8JxjCP8VweTI+KiKzIKRmKnT
B9LDsZ4XQmD9DSKbDhOj3XJxKbaWmfy648B/JHJaC90ypeW8Jq3qAK1vf7NgZ324k7TX6UR0tNlk
JlIaGvoLBaUrmGGkZsnK8er14V8Fs4uT/aSQH5oI9//laCrSn2lUrw1+muEhnKXIC0tr5FRwALGu
2DZiSGXGnfjorj+eYyt14Ps5KugtqddHeSY/EVF4qx0txg6DbOncXb6OUi4W0LGRpcuy4kasBQ8V
1Qkn///FMQ0V1LqzMofdxIEQ5gex7OZv9XcGTaH9UPq1M9st/CImlzZwf0sv7yOnfE3GijXx02Pm
UozXeKjAI8aPC5Npu97ylm9B8M6k7Ise/Llu+YhXloeZAuNDhBxgmQxPwLC1++F3j2SE8Gh/s7qx
1TjpLf9WP3qv50zipm7vHWhmCrkJXlMn+wveNE+s/f7uf3+4D1Hp1UBz/LOF2SHK3+ConbiVLJ89
dXVOxRjjx8QESLd1Z/+d4WkrZGv8IB+tb7e27lyQpWgBwkn9gXQuKPJHvyxUI8Hpp8Xoq9fkXLzd
Q6sWCqlQ5nFmC5t6Ea66H/mTCyHzG7FanzPtUrYKRon2mc8l8C6ayKBVd5w3AnydnjqUNtlMjkjr
Nbes7fE5sdlUiSDkqCYv+WmSivfXVTS4gQRB8EyRilgyl6++F83IATcnonlCR0SLDXMj+HhHTDAg
5bSDJ0HtJhjUxQRMGII++NaM+PNOpdoHZ9Y9MEjf719xu6AE2YJRu3ORhW7SxF/xxV65YZ82L3T3
Dg0DgwYcIxtV1X4bh6myBEwwcpU5PPmaIvOlQueUuxKTmIys/UM0/nbKks4vAebpTrQLj3jfFFI1
8mOYqMbJQPCHOFjsCy9ytagWqRq3xPZAs481Krs4sBkVYWqqgOW0Db/SqdU/t3LzoSlw2jS4EIe5
55LVmP0XiBTF1lYHpZjgmOwW4G4OxT3Qs08QSEHTS74ixjR3gAp0gQQxwGy/WzF2Tue0qLx0IZxA
OnpGSQy0kjQUBS7BPkMu01ZCv2YT92LkEeooLCwWcFLmoRzgBLZntf0zIr8fO9uI0tsaWgf4ysOF
wpV8deNrQoyM6GidWmGAiKMGZNtsavJiqvTEqqzeRK7Ygw9kfIIjH913dERKajXnEWiSBeDscmi+
Wz3khv7PXcBwTIdMVJMJ6gDH4VxiOPH2231Vqa6AznPX5T8rPFWc3dwEZuTC5dDAgOHzEmn3Yo1p
/Ta1wBCcIUqWwHVSMknjlg4kk+7UrDfmMffTijd2ZSxbAs3DS5BYphyEeJYuyoKdWT8LHPJfh3tA
yVv4Bjfe0RKA6xFGlE+/Ti45p2hHDk2d5QewNTYiK8qtv6rDOs7AVSvgYBPzOOJmunWahjypShdY
sU1Sh+4E/XzzqnJQjlWQnch5SiDWC+hxATJ0FMxsWULABzrjYA5RIe7QGmqejj+NCNZKi8HvaRCv
KeDL4xcZLKGUCyFF/WykbROR8QFTgpm5ec2TQP2VYryyoPBq2OIEtrs46kf0X0kX3qSx3Ah/nUp3
Ah/ZiPdymKZslRulu2saXtdNwiXhfHHe2Lz0qyR5PFzuo4dGhfRn+AENva2nfVdf/94NM4Dv/Evl
2QEBJbm9kxtmd/QyO3UGFJoiAfQc7R+Nc+oWuAMoLvJCw61tfbXzWDdtG/l+TFohtaBLtodF0JGQ
GKZSsDYMM+RJ6bqARuQBoSy+j2vE2DeB1ApfJoIJX3SIDO8r5OfxMK1tdxsO5VusrwxLCn+RGGRh
sn3oBryFW+UkIKjGNG69T/ZJk9/SCr49WkcOe9dP6pfFm87TrfVASF+6IejS4025zNVh63tRoz2c
c8VGq+XYr+DLh9gCBmyowT1rUF6FoUt47XrfT4A7sFV00CYIt7LSC5Pd0mOOoQyC8yrBtnKyjc/R
OGk/D8jIyU5se8IWIxQ497TBF6QDX0cf2GVvzrAtEjruV+OhRfJjVoeIBqlqUWZhg/HNUEJlEXik
zE2JxAaGwHswQP1rZR6GheLo+AtZGu05uF2kOi4xYNJaiO6sEVS/azFqVLcdKriG82ElYC2YJ/iX
jj+4JVFC/Lr6RJABtPv+TuXhvpJbjHqguWPOnx4PxWkmHs0terDdS1sQIxCzaTfAZjasXwdXcynx
ZGp+DkBV/PrxNxn/bNPS11chjuybNOIOrJjiVL/ouyTg5dihu2t3T4p/yN20QYe5oWEYeI/vcwsz
LB6nvFY9L55FJXqd9cpR8Wa0bkwc8zVZ2dQ0LPy27Na8bQ43ZztaQnnk+RW72G5PYlmBzMXMJkek
8C61aGgUrkWZ6pWGxE50sB3iiL6wxiLqTRz9psoNtkBR7be/G5E0czSCWdXtOd59drIK+W/HHmOC
Ockgc7MYRIhyg9+6+st9vdPzk/Dnq5SHjnyxhWaFHO9fvK3lfHBXh7TR+QZ+e4K47W+JA0FmWDyT
KY7Cjo2iY7iRvszeVf2Vnqu8ntnAQevTM+STAziSI9pRqyl57Lqys+Z7nMfkiBdQQw7ECAbDen7f
38NMf3TXgHJDXbz02JsMmTZfL3hNk4MQa4MUzCQOkEVeOd3REqvKE0RC5Yu/W/fMy9T584d7IU+t
N7moxwna1sZaRon9EnPiqZVdcwDem1DH00EWLU72c+B+jjxwHENwilbsXxOzqly48isSD4nm56TM
uyhSssdMwYOS+cHZY7u3QU1sGZqsAvk2D4+WRzaKRZTDEzDhykXSYm+aroq0AGjL21fo9pfGFobm
U5I1l40SZgEA9eRRQREUR7M/+phsghSUPSGwXGxWLvCzOvmK47tS7TKXSIGQm3Cj6nmcSErZaaKX
xOAyQaKDfI82ty6pVp0M25WfA0b7szVbXiSiIv2J6aHG2SG1PK3dw7asTV3SWEM0qqycBh9+3x12
N+EuN6lM4MQ/2Z6LFoq9q7PkVqtPPOPwIvoIBP3CqwKQrTAsnh+2N0wT0gzMp02ECPujTDMx0KCQ
N86/cBpUgsmP2H9ZCVTzNRshNil1eWTsvgSfWexS6KgcpFyqiDJnpvU6y1NJS3mAe49emR8R2szD
/bSh9f337pCVYmrgPUfVn8hLibfg0ja7cHQUkLstYLBsGzdvTjhVrMBP82VUdwW1b95vDAttI6kM
7O1jEGUKjtg4i+VG99EVFlOyal6VVvV1qddl1WAluWJFcoFnQhsc/DTivl7iGPBr3h1Rl4gNT+Bq
jlRoD1m4VgAc4DQO7puuD/bvV+hZ58sLUnwJW9uOtmTYALgATq0NVZx+dkDpxtWLHwD6trHUBiXv
hX04WeE3rEJXCqhkeNU4tpQHZdgRFAAuqHBJqTIAgXccTDilUw9fbQoFM/h841rdLRDtMVADRyPj
wjoOwQ+MJjpybBVjP9uzlTCNxtEUEqNWGAZMDPxkDoBRY2du0YKRkI/10w8I5cenFTYMLpgKZ4vv
oajT3N36qRnMCmfDFxypcA35JG2Rxfn3DdfSxXixTmOscYkwbUcWL5KYGlteZ+Z44mBgSOqA1Bfa
BVHW8fegjRYc9dBYkqBLOcKUe2WTvVFYUaiduWrY9P7nm+WTtrX+XDm1Ut8UbS7TQ/XfSMxoz2Bd
AaNrytpS9Gtix5NLTsH3K8+2wTRH0q7OM/bBG9WBLnJLm9XK+xvLYfaWNXNdK37rKS+HCe/9W8iN
9//pybU3HbGcb5Fwq+YNCdaV5dMqDQpW6Y2O+MfHudDks5kSBhbUm/nG9U4UhB1EHzlMdb6uL/lM
5tCHVjKS92JV7BYs0mImsqGwBtPwAhbdI/qc3dROdXuIokLaz+Jae2DRIGSfrzRvO/VFJDkwjI7P
UCLlxg4Mf7SKqixtOZmReUwJCN6QIW2u5i4rqMszm071+0Ynl+oeGZC4LTz4jUJGvIYSAZiimKLs
smZ9HPTNBKjjolrCxsbybZ4kW4kQ12FpHy4GrsRYsbrLWecdmTXdKDtgy3IZ44eJit3mHlzoUrZ6
xkVrzIWEuGZaArjFyZIV1LluUFq4ngm88Lre5wIYi1mazP+RCixdgdy7QcoDOlumyS7Oajxc7CJC
PKhkmyZgcUskmYA5+9EY6ewHU2W/VyvFDhEdhAXU4nCLUcmdPj+9Y8Mz6Stt7HR2Rt52JZ2KJxOf
7zlLkCgjV0uAqRcK3+VL4GNTqqlhDpJSAp83T3D0qJOeYRWLkeSrwUrLIYGj8CicjhtbzYR7s62r
lyB5drDPyNPqOhFR0r2MRCRa8TPL8K/paUdDNwYM/VeSG05GZ68pWEe+mFdi1+IHcz1k3lwevZjJ
VZULqPvjKa3npsHp8S6eOv5qzdn9U3UBAXYrht5ZL+s8h8xusqs1DH2yN2IN1YmrP3bA9fI2rBFd
UQ099XIC7L2G1iKE97ZlSaSIA7ZTRtz/e7NSbq2pzfs+6P4rks3D9SRa1bnhVpKn/US+IuDvdg3b
cPbXHYj6/ZwDdy+o6hhnQOduoD/f0x5E6HwO5FTb2x/m06P9L6uiUbjPS/cXwlyYtBRSrhtdPn3O
oeN6tVy/pMZ4q7LtIUqKbWhBw8db/I4D7e8kcbpan5TcYBHDr2UV/2uI6JasT8z/uV/QwZCVqC5K
J82ZEqnbJLOs5kj1N26Qr5ohlOKzrn+vNC0Qknf8wiPmkHTAENKR3PHhqQr9e0vPEsQddxndB1SZ
bgmIv9zdepphgZqe6/XvauXxlo9KLScNMCP4W2V6dFcfhYL4pArOJLnlh2hblQ1P1Bt5M8fzXTAD
7Mpisqoimuz2he1takIVforhHDPysSEpmO+FQ/HfbNELfOvYuEecDLOGtTHR3ioazvR7CZOksMYg
3oPrWBGAOSqInGsTwTiZbk82ZxxeXU35hufQIqZbbVRBLf8ExVAk/6whGF2X1pAudIUuKiGquuIv
t/ZMA9vypPieeSMaOXnwi5lXnhLXgVsim+ShheZfEfrxNl3DqXJ4BVKtSjsL9f/vw0Wjts0xdfCH
vdtsovi5QJcm75bqtamhzm+WWT5aEzGo+akpmZKfaPw5uE8ErCEaAk35c/Gz2eqRIlfCABD4rRfo
HEx3dwQEIMtlIcoOQNDH3nMwtEuFxbm4czfgmbO2g44YR3qDJv2BP/nuNkyrhj3tDjMvB8gzueuA
3ADSLMYCi5O9Xyq6mgZRAsPGokxUmVJpDwaFskp4zItP1Jn6PIgP1NBNqeRvjVgzCOrOPuKMmWv1
k/0f9YvLMDXbcrrEKi0TzflGy4R0z9jguxwnufsYZQMI8lPrAIMhWFcVy/sUythwFeFSAibREyV3
IpNJkfcc+Kb69LTnvOfNfkfDkJ8O65Tl+dAPMlP3/JCr501tTxj+70qDv5Lj45e5NzQwbC3bMWYP
yRC/QuHeGSV3NRfPn/AtrAKeAvkKiZm0UuMZxHGIgITOC8EPz88gRTiJn15TX1EMB1lGRzJQ+Y8d
VlER+KE94t91FqZCFt1YE3DDDt+nGkVsuKiV1I0fz9qfxURJyTF35ZaW26gdm/Ovo76gEWEPIvG2
4+dc9NWyrDk8WBMdBH7pY2Kx5o4P1kVtuEl6sV7uh5QRPFpv9rV2xcsRxmHo+T+1qj1D+4AleM6G
gXXPidc5XSnSj+24qxorLvxHbSLtNseZJM1M+AIwB21rgw4EHdaCIXWPIQTHqai+KmwJwhDqpxKx
Ftlt0LlDxSeduWNLjxRLtPJZHSEOSNpMCwDJV9Hri/0YEBVcpLK5yr7e+lAoiOGosl835zyRYL6b
pgyEOsO4rVUJ0P77KrjVgEIfab8ffhnjdYoJxNC8/PNhp6nEVSyPFMFfPLDFZoRiSUO0dSCp7U+j
lbiloJyruj2Ef25pFOP7zdIWyyIX+dpPQ5/TllUjPqcXMpCHD2ulO83W5G2TkxV2XOSl7M7N1UBi
1gY9BIClj4xu6fPVZ4oRQRy2EGp7Xt6jbEOe+YJp+faazXYPZTI5AooES1T6Nc1KycNeJixXb8DM
uoH2tQUEfXgQsSJEnh/48gU3fg1wXkZH3/N6tIwZsq48+fVs2Cg6Z/amG8AGM3QQW7MSTQB5eQhE
PzyqyZ2ewwjWAqgGLuHkGrd2QOOPk7ZnptzFdV6833GynsPrvwfIQnDWmLM+hHfSFngCONWeeZZD
9fGpaql6Rq3KHg1fgKsc/BOdeXRObfP6Cfh2hw27DpenMoxB2hTO/s0AKhZJtAAQ/7+1ZmtQM3+O
EYOhYQEyW+vTJ63tkUNt7tZ/8NE8gp5fCE6QvyHJho2BA0nx95INS3kF8TjhgAcKpJSmC22DBVGG
CRrAA1etA2dDRRSI3Pzp2frQEWkv6v/yEenuBjjQDNNa2IbDoSIwRbPhBqx5HByIH8DbBMmteInd
9omhoCLk+xJozoUarK4AC5B2CQ2rP04uNTM0O+EVmmsojKYU1v9PPyE7OBmzij0R8IdR8NX0RheJ
5tuQYtr+5ZGV1swxBHPEaCik5/TBWjJBH72aLyw7ZxBP02R3UdRSCbqfX8GRDB53F0pkXEnrHzEj
sv6+sjKE28fKQtqMi01/tMIBsasZAWY/w6KfD+CU5YRbiuxKfJg9HhizE1pGKnc8UYUWStHascyl
gm7fzHSW4BGHkQ1AQTimru4AAAA=

--===============2338783686756743435==--

-------------------------------------------------------------------------------
